<?xml version="1.0" encoding="UTF-8"?>
<testng-results ignored="0" total="1" passed="1" failed="0" skipped="0">
  <reporter-output>
  </reporter-output>
  <suite started-at="2025-04-27T21:26:19 IST" name="Default suite" finished-at="2025-04-27T21:26:39 IST" duration-ms="20055">
    <groups>
    </groups>
    <test started-at="2025-04-27T21:26:19 IST" name="Default test" finished-at="2025-04-27T21:26:39 IST" duration-ms="20055">
      <class name="com.PomDesignPattern.A">
        <test-method signature="a1()[pri:0, instance:com.PomDesignPattern.A@33a630fa]" started-at="2025-04-27T21:26:19 IST" name="a1" finished-at="2025-04-27T21:26:39 IST" duration-ms="19998" status="PASS">
          <reporter-output>
          </reporter-output>
        </test-method> <!-- a1 -->
      </class> <!-- com.PomDesignPattern.A -->
    </test> <!-- Default test -->
  </suite> <!-- Default suite -->
</testng-results>
