<?xml version="1.0" encoding="UTF-8"?>
<testng-results ignored="0" total="1" passed="1" failed="0" skipped="0">
  <reporter-output>
  </reporter-output>
  <suite started-at="2025-05-03T09:22:08 IST" name="Default suite" finished-at="2025-05-03T09:22:08 IST" duration-ms="43">
    <groups>
    </groups>
    <test started-at="2025-05-03T09:22:08 IST" name="Default test" finished-at="2025-05-03T09:22:08 IST" duration-ms="43">
      <class name="com.practice.ContactTest">
        <test-method signature="createcontact()[pri:0, instance:com.practice.ContactTest@5fdcaa40]" started-at="2025-05-03T09:22:08 IST" name="createcontact" finished-at="2025-05-03T09:22:08 IST" duration-ms="7" status="PASS">
          <reporter-output>
          </reporter-output>
        </test-method> <!-- createcontact -->
      </class> <!-- com.practice.ContactTest -->
    </test> <!-- Default test -->
  </suite> <!-- Default suite -->
</testng-results>
