<?xml version="1.0" encoding="UTF-8"?>
<testng-results ignored="0" total="1" passed="1" failed="0" skipped="0">
  <reporter-output>
  </reporter-output>
  <suite started-at="2025-05-06T07:11:11Z" name="Default suite" finished-at="2025-05-06T07:11:11Z" duration-ms="27">
    <groups>
    </groups>
    <test started-at="2025-05-06T07:11:11Z" name="Default test" finished-at="2025-05-06T07:11:11Z" duration-ms="27">
      <class name="com.package1.ContactTest">
        <test-method signature="m1()[pri:0, instance:com.package1.ContactTest@740fb309]" started-at="2025-05-06T07:11:11Z" name="m1" finished-at="2025-05-06T07:11:11Z" duration-ms="8" status="PASS">
          <reporter-output>
          </reporter-output>
        </test-method> <!-- m1 -->
      </class> <!-- com.package1.ContactTest -->
    </test> <!-- Default test -->
  </suite> <!-- Default suite -->
</testng-results>
