<?xml version="1.0" encoding="UTF-8"?>
<testng-results ignored="0" total="1" passed="1" failed="0" skipped="0">
  <reporter-output>
  </reporter-output>
  <suite started-at="2025-05-10T21:13:16 IST" name="Default suite" finished-at="2025-05-10T21:13:16 IST" duration-ms="37">
    <groups>
    </groups>
    <test started-at="2025-05-10T21:13:16 IST" name="Default test" finished-at="2025-05-10T21:13:16 IST" duration-ms="37">
      <class name="B">
        <test-method signature="m2()[pri:0, instance:B@48ae9b55]" started-at="2025-05-10T21:13:16 IST" name="m2" finished-at="2025-05-10T21:13:16 IST" duration-ms="6" status="PASS">
          <reporter-output>
          </reporter-output>
        </test-method> <!-- m2 -->
      </class> <!-- B -->
    </test> <!-- Default test -->
  </suite> <!-- Default suite -->
</testng-results>
