<?xml version="1.0" encoding="UTF-8"?>
<testng-results ignored="0" total="2" passed="2" failed="0" skipped="0">
  <reporter-output>
  </reporter-output>
  <suite started-at="2025-05-03T06:08:00Z" name="Surefire suite" finished-at="2025-05-03T06:08:01Z" duration-ms="18">
    <groups>
    </groups>
    <test started-at="2025-05-03T06:08:00Z" name="Surefire test" finished-at="2025-05-03T06:08:01Z" duration-ms="18">
      <class name="com.package1.ContactTest">
        <test-method signature="m1()[pri:0, instance:com.package1.ContactTest@525b461a]" started-at="2025-05-03T06:08:00Z" name="m1" finished-at="2025-05-03T06:08:01Z" duration-ms="4" status="PASS">
          <reporter-output>
          </reporter-output>
        </test-method> <!-- m1 -->
      </class> <!-- com.package1.ContactTest -->
      <class name="com.package2.OrgTest">
        <test-method signature="m2()[pri:0, instance:com.package2.OrgTest@58c1c010]" started-at="2025-05-03T06:08:01Z" name="m2" finished-at="2025-05-03T06:08:01Z" duration-ms="0" status="PASS">
          <reporter-output>
          </reporter-output>
        </test-method> <!-- m2 -->
      </class> <!-- com.package2.OrgTest -->
    </test> <!-- Surefire test -->
  </suite> <!-- Surefire suite -->
</testng-results>
